============================= test session starts =============================
platform win32 -- Python 3.12.12, pytest-9.0.2, pluggy-1.6.0
rootdir: C:\Users\ysn65\Desktop\antigravity\philo-rag\backend
plugins: anyio-4.12.1, asyncio-1.3.0, cov-7.0.0
asyncio: mode=Mode.STRICT, debug=False, asyncio_default_fixture_loop_scope=None, asyncio_default_test_loop_scope=function
collected 0 items / 1 error

=================================== ERRORS ====================================
___________________ ERROR collecting tests/unit/test_llm.py ___________________
tests\unit\test_llm.py:12: in <module>
    from app.services.llm import get_english_translation, get_response_stream, get_response_stream_async
app\services\llm.py:8: in <module>
    raise RuntimeError("GEMINI_API_KEY must be configured")
E   RuntimeError: GEMINI_API_KEY must be configured
============================== warnings summary ===============================
<frozen importlib._bootstrap>:488
  <frozen importlib._bootstrap>:488: DeprecationWarning: Type google._upb._message.MessageMapContainer uses PyType_Spec with a metaclass that has custom tp_new. This is deprecated and will no longer be allowed in Python 3.14.

<frozen importlib._bootstrap>:488
  <frozen importlib._bootstrap>:488: DeprecationWarning: Type google._upb._message.ScalarMapContainer uses PyType_Spec with a metaclass that has custom tp_new. This is deprecated and will no longer be allowed in Python 3.14.

-- Docs: https://docs.pytest.org/en/stable/how-to/capture-warnings.html
=========================== short test summary info ===========================
ERROR tests/unit/test_llm.py - RuntimeError: GEMINI_API_KEY must be configured
!!!!!!!!!!!!!!!!!!! Interrupted: 1 error during collection !!!!!!!!!!!!!!!!!!!!
======================== 2 warnings, 1 error in 4.52s =========================
